[2025-10-10 02:43:15] EXCEPTION: Uncaught exception - Exception: Class "App\Services\MenuService" not found
#0 {main}
[2025-10-10 02:44:18] EXCEPTION: Uncaught exception - Exception: Call to undefined method App\Core\Template::addGlobal()
#0 {main}
[2025-10-10 02:45:21] EXCEPTION: Uncaught exception - Exception: Call to undefined method App\Core\Template::addGlobal()
#0 {main}
[2025-10-10 09:35:05] EXCEPTION: Uncaught exception - Exception: App\Core\Router::__construct(): Argument #6 ($menuService) must be of type App\Core\MenuService, App\Services\MenuService given, called in C:\xampp\htdocs\KRS3\public\index.php on line 67
#0 C:\xampp\htdocs\KRS3\public\index.php(67): App\Core\Router->__construct(Object(App\Auth\LoginService), Object(App\Database\DatabaseConnection), Object(App\Security\CsrfProtection), Object(App\Core\AdminLayout), Object(App\Core\Template), Object(App\Services\MenuService))
#1 {main}
[2025-10-10 09:37:26] EXCEPTION: Uncaught exception - Exception: App\Core\Router::__construct(): Argument #6 ($menuService) must be of type App\Core\MenuService, App\Services\MenuService given, called in C:\xampp\htdocs\KRS3\public\index.php on line 67
#0 C:\xampp\htdocs\KRS3\public\index.php(67): App\Core\Router->__construct(Object(App\Auth\LoginService), Object(App\Database\DatabaseConnection), Object(App\Security\CsrfProtection), Object(App\Core\AdminLayout), Object(App\Core\Template), Object(App\Services\MenuService))
#1 {main}
[2025-10-10 09:51:32] EXCEPTION: Uncaught exception - Exception: App\Core\Router::__construct(): Argument #6 ($menuService) must be of type App\Core\MenuService, App\Services\MenuService given, called in C:\xampp\htdocs\KRS3\public\index.php on line 67
#0 C:\xampp\htdocs\KRS3\public\index.php(67): App\Core\Router->__construct(Object(App\Auth\LoginService), Object(App\Database\DatabaseConnection), Object(App\Security\CsrfProtection), Object(App\Core\AdminLayout), Object(App\Core\Template), Object(App\Services\MenuService))
#1 {main}
[2025-10-10 09:51:33] EXCEPTION: Uncaught exception - Exception: App\Core\Router::__construct(): Argument #6 ($menuService) must be of type App\Core\MenuService, App\Services\MenuService given, called in C:\xampp\htdocs\KRS3\public\index.php on line 67
#0 C:\xampp\htdocs\KRS3\public\index.php(67): App\Core\Router->__construct(Object(App\Auth\LoginService), Object(App\Database\DatabaseConnection), Object(App\Security\CsrfProtection), Object(App\Core\AdminLayout), Object(App\Core\Template), Object(App\Services\MenuService))
#1 {main}
[2025-10-10 09:54:36] EXCEPTION: Uncaught exception - Exception: Call to undefined method App\Core\Template::getData()
#0 C:\xampp\htdocs\KRS3\public\index.php(82): App\Core\Router->handleRequest('', Array)
#1 {main}
[2025-10-10 09:57:18] EXCEPTION: Uncaught exception - Exception: App\Controllers\AuthController::__construct(): Argument #2 ($csrf) must be of type App\Security\CsrfProtection, App\Core\Template given, called in C:\xampp\htdocs\KRS3\app\Core\Router.php on line 56
#0 C:\xampp\htdocs\KRS3\app\Core\Router.php(56): App\Controllers\AuthController->__construct(Object(App\Auth\LoginService), Object(App\Core\Template), '/KRS3/public/', Object(App\Security\CsrfProtection))
#1 C:\xampp\htdocs\KRS3\public\index.php(82): App\Core\Router->handleRequest('', Array)
#2 {main}
[2025-10-10 10:02:13] EXCEPTION: Uncaught exception - Exception: App\Controllers\AdminController::__construct(): Argument #1 ($authService) must be of type App\Auth\LoginService, App\Core\Template given, called in C:\xampp\htdocs\KRS3\app\Core\Router.php on line 64
#0 C:\xampp\htdocs\KRS3\app\Core\Router.php(64): App\Controllers\AdminController->__construct(Object(App\Core\Template), '/KRS3/public/', Object(App\Auth\LoginService), Object(App\Core\AdminLayout))
#1 C:\xampp\htdocs\KRS3\public\index.php(82): App\Core\Router->handleRequest('', Array)
#2 {main}
[2025-10-10 10:10:26] ERROR: Error 2: Undefined variable $authController in C:\xampp\htdocs\KRS3\app\Core\Router.php on line 90
[2025-10-10 10:10:26] EXCEPTION: Uncaught exception - Exception: Call to a member function showLogin() on null
#0 C:\xampp\htdocs\KRS3\public\index.php(82): App\Core\Router->handleRequest('login', Array)
#1 {main}
[2025-10-10 10:13:01] ERROR: Error 2: Undefined variable $authController in C:\xampp\htdocs\KRS3\app\Core\Router.php on line 90
[2025-10-10 10:13:01] EXCEPTION: Uncaught exception - Exception: Call to a member function showLogin() on null
#0 C:\xampp\htdocs\KRS3\public\index.php(82): App\Core\Router->handleRequest('login', Array)
#1 {main}
[2025-10-10 10:16:40] ERROR: Error 2: Undefined variable $authController in C:\xampp\htdocs\KRS3\app\Core\Router.php on line 82
[2025-10-10 10:16:40] EXCEPTION: Uncaught exception - Exception: Call to a member function showLogin() on null
#0 C:\xampp\htdocs\KRS3\public\index.php(82): App\Core\Router->handleRequest('login', Array)
#1 {main}
[2025-10-10 10:21:06] ERROR: Error 2: Undefined variable $authService in C:\xampp\htdocs\KRS3\app\Core\Router.php on line 82
[2025-10-10 10:21:06] EXCEPTION: Uncaught exception - Exception: Call to a member function showLogin() on null
#0 C:\xampp\htdocs\KRS3\public\index.php(82): App\Core\Router->handleRequest('login', Array)
#1 {main}
[2025-10-10 10:23:04] EXCEPTION: Uncaught exception - Exception: Call to undefined method App\Auth\LoginService::showLogin()
#0 C:\xampp\htdocs\KRS3\public\index.php(82): App\Core\Router->handleRequest('login', Array)
#1 {main}
[2025-10-10 10:28:10] EXCEPTION: Uncaught exception - Exception: Call to undefined method App\Auth\LoginService::showLogin()
#0 C:\xampp\htdocs\KRS3\public\index.php(82): App\Core\Router->handleRequest('login', Array)
#1 {main}
[2025-10-10 10:28:10] EXCEPTION: Uncaught exception - Exception: Call to undefined method App\Auth\LoginService::showLogin()
#0 C:\xampp\htdocs\KRS3\public\index.php(82): App\Core\Router->handleRequest('login', Array)
#1 {main}
[2025-10-10 10:33:07] EXCEPTION: Uncaught exception - Exception: Call to undefined method App\Auth\LoginService::showLogin()
#0 C:\xampp\htdocs\KRS3\public\index.php(82): App\Core\Router->handleRequest('login', Array)
#1 {main}
[2025-10-10 10:47:54] ERROR: Error 2: Undefined variable $user in C:\xampp\htdocs\KRS3\templates\layouts\frontend.php on line 28
[2025-10-10 10:47:54] ERROR: Error 2: Trying to access array offset on value of type null in C:\xampp\htdocs\KRS3\templates\layouts\frontend.php on line 28
[2025-10-10 10:48:21] EXCEPTION: Uncaught exception - Exception: Template not found: C:\xampp\htdocs\KRS3\app\Core/../../templates/pages/500.php
#0 C:\xampp\htdocs\KRS3\app\Core\Router.php(114): App\Core\Template->render('pages/500.php', Array)
#1 C:\xampp\htdocs\KRS3\public\index.php(82): App\Core\Router->handleRequest('category/novink...', Array)
#2 {main}
[2025-10-10 11:30:03] ERROR: Error 2: Undefined variable $user in C:\xampp\htdocs\KRS3\templates\layouts\frontend.php on line 29
[2025-10-10 11:30:03] ERROR: Error 2: Trying to access array offset on value of type null in C:\xampp\htdocs\KRS3\templates\layouts\frontend.php on line 29
[2025-10-10 11:30:11] INFO: Total articles: 10
[2025-10-10 11:30:11] INFO: Article 0: vcxbcvbv ,. ,nb nvb
[2025-10-10 11:30:11] INFO: Categories: Nezařazeno
[2025-10-10 11:30:11] INFO: Category IDs: 1
[2025-10-10 11:30:11] INFO: Article 1: Kosmické Brno | 12 – Frentech Aerospace / Podvozky SpaceRideru 
[2025-10-10 11:30:11] INFO: Categories: none
[2025-10-10 11:30:11] INFO: Category IDs: none
[2025-10-10 11:30:11] INFO: Article 2: Zářijová Kosmoschůzka 2025
[2025-10-10 11:30:11] INFO: Categories: none
[2025-10-10 11:30:11] INFO: Category IDs: none
[2025-10-10 11:30:11] INFO: Article 3: V ČR vznikl materiál pro 3D tisk vhodný pro kosmický prostor 
[2025-10-10 11:30:11] INFO: Categories: none
[2025-10-10 11:30:11] INFO: Category IDs: none
[2025-10-10 11:30:11] INFO: Article 4: Cassini potvrdila komplexní chemické reakce v oceánu na Enceladu
[2025-10-10 11:30:11] INFO: Categories: none
[2025-10-10 11:30:11] INFO: Category IDs: none
[2025-10-10 11:30:11] INFO: Article 5: Firma Avio získala kontrakt od ESA na demonstrátor znovupoužitelného horního stupně
[2025-10-10 11:30:11] INFO: Categories: Nezařazeno
[2025-10-10 11:30:11] INFO: Category IDs: 1
[2025-10-10 11:30:11] INFO: Article 6: Kosmotýdeník 681 (29. 9. – 5. 10.)
[2025-10-10 11:30:11] INFO: Categories: none
[2025-10-10 11:30:11] INFO: Category IDs: none
[2025-10-10 11:30:11] INFO: Article 7: LVM-3 – CMS-02 (GSAT-7R)
[2025-10-10 11:30:11] INFO: Categories: none
[2025-10-10 11:30:11] INFO: Category IDs: none
[2025-10-10 11:30:11] INFO: Article 8: Sentinel-6B je vybalen 
[2025-10-10 11:30:11] INFO: Categories: none
[2025-10-10 11:30:11] INFO: Category IDs: none
[2025-10-10 11:30:11] INFO: Article 9: Prohlížeč Firefox
[2025-10-10 11:30:11] INFO: Categories: none
[2025-10-10 11:30:11] INFO: Category IDs: none
[2025-10-10 11:30:11] INFO: First article title: vcxbcvbv ,. ,nb nvb
[2025-10-10 11:30:11] INFO: First article deleted_at: NULL
[2025-10-10 11:42:52] EXCEPTION: Uncaught exception - Exception: Class "App\Core\Logger" not found
#0 C:\xampp\htdocs\KRS3\public\index.php(67): App\Core\Router->__construct(Object(App\Auth\LoginService), Object(App\Database\DatabaseConnection), Object(App\Security\CsrfProtection), Object(App\Core\AdminLayout), Object(App\Core\Template), Object(App\Services\MenuService))
#1 {main}
[2025-10-10 11:43:45] INFO: Total articles: 10
[2025-10-10 11:43:45] INFO: Article 0: vcxbcvbv ,. ,nb nvb
[2025-10-10 11:43:45] INFO: Categories: Nezařazeno
[2025-10-10 11:43:45] INFO: Category IDs: 1
[2025-10-10 11:43:45] INFO: Article 1: Kosmické Brno | 12 – Frentech Aerospace / Podvozky SpaceRideru 
[2025-10-10 11:43:45] INFO: Categories: none
[2025-10-10 11:43:45] INFO: Category IDs: none
[2025-10-10 11:43:45] INFO: Article 2: Zářijová Kosmoschůzka 2025
[2025-10-10 11:43:45] INFO: Categories: none
[2025-10-10 11:43:45] INFO: Category IDs: none
[2025-10-10 11:43:45] INFO: Article 3: V ČR vznikl materiál pro 3D tisk vhodný pro kosmický prostor 
[2025-10-10 11:43:45] INFO: Categories: none
[2025-10-10 11:43:45] INFO: Category IDs: none
[2025-10-10 11:43:45] INFO: Article 4: Cassini potvrdila komplexní chemické reakce v oceánu na Enceladu
[2025-10-10 11:43:45] INFO: Categories: none
[2025-10-10 11:43:45] INFO: Category IDs: none
[2025-10-10 11:43:45] INFO: Article 5: Firma Avio získala kontrakt od ESA na demonstrátor znovupoužitelného horního stupně
[2025-10-10 11:43:45] INFO: Categories: Nezařazeno
[2025-10-10 11:43:45] INFO: Category IDs: 1
[2025-10-10 11:43:45] INFO: Article 6: Kosmotýdeník 681 (29. 9. – 5. 10.)
[2025-10-10 11:43:45] INFO: Categories: none
[2025-10-10 11:43:45] INFO: Category IDs: none
[2025-10-10 11:43:45] INFO: Article 7: LVM-3 – CMS-02 (GSAT-7R)
[2025-10-10 11:43:45] INFO: Categories: none
[2025-10-10 11:43:45] INFO: Category IDs: none
[2025-10-10 11:43:45] INFO: Article 8: Sentinel-6B je vybalen 
[2025-10-10 11:43:45] INFO: Categories: none
[2025-10-10 11:43:45] INFO: Category IDs: none
[2025-10-10 11:43:45] INFO: Article 9: Prohlížeč Firefox
[2025-10-10 11:43:45] INFO: Categories: none
[2025-10-10 11:43:45] INFO: Category IDs: none
[2025-10-10 11:43:45] INFO: First article title: vcxbcvbv ,. ,nb nvb
[2025-10-10 11:43:45] INFO: First article deleted_at: NULL
[2025-10-10 11:44:02] INFO: Total articles: 10
[2025-10-10 11:44:02] INFO: Article 0: vcxbcvbv ,. ,nb nvb
[2025-10-10 11:44:02] INFO: Categories: Nezařazeno
[2025-10-10 11:44:02] INFO: Category IDs: 1
[2025-10-10 11:44:02] INFO: Article 1: Kosmické Brno | 12 – Frentech Aerospace / Podvozky SpaceRideru 
[2025-10-10 11:44:02] INFO: Categories: none
[2025-10-10 11:44:02] INFO: Category IDs: none
[2025-10-10 11:44:02] INFO: Article 2: Zářijová Kosmoschůzka 2025
[2025-10-10 11:44:02] INFO: Categories: none
[2025-10-10 11:44:02] INFO: Category IDs: none
[2025-10-10 11:44:02] INFO: Article 3: V ČR vznikl materiál pro 3D tisk vhodný pro kosmický prostor 
[2025-10-10 11:44:02] INFO: Categories: none
[2025-10-10 11:44:02] INFO: Category IDs: none
[2025-10-10 11:44:02] INFO: Article 4: Cassini potvrdila komplexní chemické reakce v oceánu na Enceladu
[2025-10-10 11:44:02] INFO: Categories: none
[2025-10-10 11:44:02] INFO: Category IDs: none
[2025-10-10 11:44:02] INFO: Article 5: Firma Avio získala kontrakt od ESA na demonstrátor znovupoužitelného horního stupně
[2025-10-10 11:44:02] INFO: Categories: Nezařazeno
[2025-10-10 11:44:02] INFO: Category IDs: 1
[2025-10-10 11:44:02] INFO: Article 6: Kosmotýdeník 681 (29. 9. – 5. 10.)
[2025-10-10 11:44:02] INFO: Categories: none
[2025-10-10 11:44:02] INFO: Category IDs: none
[2025-10-10 11:44:02] INFO: Article 7: LVM-3 – CMS-02 (GSAT-7R)
[2025-10-10 11:44:02] INFO: Categories: none
[2025-10-10 11:44:02] INFO: Category IDs: none
[2025-10-10 11:44:02] INFO: Article 8: Sentinel-6B je vybalen 
[2025-10-10 11:44:02] INFO: Categories: none
[2025-10-10 11:44:02] INFO: Category IDs: none
[2025-10-10 11:44:02] INFO: Article 9: Prohlížeč Firefox
[2025-10-10 11:44:02] INFO: Categories: none
[2025-10-10 11:44:02] INFO: Category IDs: none
[2025-10-10 11:44:02] INFO: First article title: vcxbcvbv ,. ,nb nvb
[2025-10-10 11:44:02] INFO: First article deleted_at: NULL
[2025-10-10 11:44:06] INFO: Total articles: 10
[2025-10-10 11:44:06] INFO: Article 0: vcxbcvbv ,. ,nb nvb
[2025-10-10 11:44:06] INFO: Categories: Nezařazeno
[2025-10-10 11:44:06] INFO: Category IDs: 1
[2025-10-10 11:44:06] INFO: Article 1: Kosmické Brno | 12 – Frentech Aerospace / Podvozky SpaceRideru 
[2025-10-10 11:44:06] INFO: Categories: none
[2025-10-10 11:44:06] INFO: Category IDs: none
[2025-10-10 11:44:06] INFO: Article 2: Zářijová Kosmoschůzka 2025
[2025-10-10 11:44:06] INFO: Categories: none
[2025-10-10 11:44:06] INFO: Category IDs: none
[2025-10-10 11:44:06] INFO: Article 3: V ČR vznikl materiál pro 3D tisk vhodný pro kosmický prostor 
[2025-10-10 11:44:06] INFO: Categories: none
[2025-10-10 11:44:06] INFO: Category IDs: none
[2025-10-10 11:44:06] INFO: Article 4: Cassini potvrdila komplexní chemické reakce v oceánu na Enceladu
[2025-10-10 11:44:06] INFO: Categories: none
[2025-10-10 11:44:06] INFO: Category IDs: none
[2025-10-10 11:44:06] INFO: Article 5: Firma Avio získala kontrakt od ESA na demonstrátor znovupoužitelného horního stupně
[2025-10-10 11:44:06] INFO: Categories: Nezařazeno
[2025-10-10 11:44:06] INFO: Category IDs: 1
[2025-10-10 11:44:06] INFO: Article 6: Kosmotýdeník 681 (29. 9. – 5. 10.)
[2025-10-10 11:44:06] INFO: Categories: none
[2025-10-10 11:44:06] INFO: Category IDs: none
[2025-10-10 11:44:06] INFO: Article 7: LVM-3 – CMS-02 (GSAT-7R)
[2025-10-10 11:44:06] INFO: Categories: none
[2025-10-10 11:44:06] INFO: Category IDs: none
[2025-10-10 11:44:06] INFO: Article 8: Sentinel-6B je vybalen 
[2025-10-10 11:44:06] INFO: Categories: none
[2025-10-10 11:44:06] INFO: Category IDs: none
[2025-10-10 11:44:06] INFO: Article 9: Prohlížeč Firefox
[2025-10-10 11:44:06] INFO: Categories: none
[2025-10-10 11:44:06] INFO: Category IDs: none
[2025-10-10 11:44:06] INFO: First article title: vcxbcvbv ,. ,nb nvb
[2025-10-10 11:44:06] INFO: First article deleted_at: NULL
[2025-10-10 11:44:53] INFO: Total articles: 10
[2025-10-10 11:44:53] INFO: Article 0: vcxbcvbv ,. ,nb nvb
[2025-10-10 11:44:53] INFO: Categories: Nezařazeno
[2025-10-10 11:44:53] INFO: Category IDs: 1
[2025-10-10 11:44:53] INFO: Article 1: Kosmické Brno | 12 – Frentech Aerospace / Podvozky SpaceRideru 
[2025-10-10 11:44:53] INFO: Categories: none
[2025-10-10 11:44:53] INFO: Category IDs: none
[2025-10-10 11:44:53] INFO: Article 2: Zářijová Kosmoschůzka 2025
[2025-10-10 11:44:53] INFO: Categories: none
[2025-10-10 11:44:53] INFO: Category IDs: none
[2025-10-10 11:44:53] INFO: Article 3: V ČR vznikl materiál pro 3D tisk vhodný pro kosmický prostor 
[2025-10-10 11:44:53] INFO: Categories: none
[2025-10-10 11:44:53] INFO: Category IDs: none
[2025-10-10 11:44:53] INFO: Article 4: Cassini potvrdila komplexní chemické reakce v oceánu na Enceladu
[2025-10-10 11:44:53] INFO: Categories: none
[2025-10-10 11:44:53] INFO: Category IDs: none
[2025-10-10 11:44:53] INFO: Article 5: Firma Avio získala kontrakt od ESA na demonstrátor znovupoužitelného horního stupně
[2025-10-10 11:44:53] INFO: Categories: Nezařazeno
[2025-10-10 11:44:53] INFO: Category IDs: 1
[2025-10-10 11:44:53] INFO: Article 6: Kosmotýdeník 681 (29. 9. – 5. 10.)
[2025-10-10 11:44:53] INFO: Categories: none
[2025-10-10 11:44:53] INFO: Category IDs: none
[2025-10-10 11:44:53] INFO: Article 7: LVM-3 – CMS-02 (GSAT-7R)
[2025-10-10 11:44:53] INFO: Categories: none
[2025-10-10 11:44:53] INFO: Category IDs: none
[2025-10-10 11:44:53] INFO: Article 8: Sentinel-6B je vybalen 
[2025-10-10 11:44:53] INFO: Categories: none
[2025-10-10 11:44:53] INFO: Category IDs: none
[2025-10-10 11:44:53] INFO: Article 9: Prohlížeč Firefox
[2025-10-10 11:44:53] INFO: Categories: none
[2025-10-10 11:44:53] INFO: Category IDs: none
[2025-10-10 11:44:53] INFO: First article title: vcxbcvbv ,. ,nb nvb
[2025-10-10 11:44:53] INFO: First article deleted_at: NULL
[2025-10-10 11:45:23] INFO: Total articles: 10
[2025-10-10 11:45:23] INFO: Article 0: vcxbcvbv ,. ,nb nvb
[2025-10-10 11:45:23] INFO: Categories: Nezařazeno
[2025-10-10 11:45:23] INFO: Category IDs: 1
[2025-10-10 11:45:23] INFO: Article 1: Kosmické Brno | 12 – Frentech Aerospace / Podvozky SpaceRideru 
[2025-10-10 11:45:23] INFO: Categories: none
[2025-10-10 11:45:23] INFO: Category IDs: none
[2025-10-10 11:45:23] INFO: Article 2: Zářijová Kosmoschůzka 2025
[2025-10-10 11:45:23] INFO: Categories: none
[2025-10-10 11:45:23] INFO: Category IDs: none
[2025-10-10 11:45:23] INFO: Article 3: V ČR vznikl materiál pro 3D tisk vhodný pro kosmický prostor 
[2025-10-10 11:45:23] INFO: Categories: none
[2025-10-10 11:45:23] INFO: Category IDs: none
[2025-10-10 11:45:23] INFO: Article 4: Cassini potvrdila komplexní chemické reakce v oceánu na Enceladu
[2025-10-10 11:45:23] INFO: Categories: none
[2025-10-10 11:45:23] INFO: Category IDs: none
[2025-10-10 11:45:23] INFO: Article 5: Firma Avio získala kontrakt od ESA na demonstrátor znovupoužitelného horního stupně
[2025-10-10 11:45:23] INFO: Categories: Nezařazeno
[2025-10-10 11:45:23] INFO: Category IDs: 1
[2025-10-10 11:45:23] INFO: Article 6: Kosmotýdeník 681 (29. 9. – 5. 10.)
[2025-10-10 11:45:23] INFO: Categories: none
[2025-10-10 11:45:23] INFO: Category IDs: none
[2025-10-10 11:45:23] INFO: Article 7: LVM-3 – CMS-02 (GSAT-7R)
[2025-10-10 11:45:23] INFO: Categories: none
[2025-10-10 11:45:23] INFO: Category IDs: none
[2025-10-10 11:45:23] INFO: Article 8: Sentinel-6B je vybalen 
[2025-10-10 11:45:23] INFO: Categories: none
[2025-10-10 11:45:23] INFO: Category IDs: none
[2025-10-10 11:45:23] INFO: Article 9: Prohlížeč Firefox
[2025-10-10 11:45:23] INFO: Categories: none
[2025-10-10 11:45:23] INFO: Category IDs: none
[2025-10-10 11:45:23] INFO: First article title: vcxbcvbv ,. ,nb nvb
[2025-10-10 11:45:23] INFO: First article deleted_at: NULL
[2025-10-10 11:48:01] INFO: Total articles: 10
[2025-10-10 11:48:01] INFO: Article 0: vcxbcvbv ,. ,nb nvb
[2025-10-10 11:48:01] INFO: Categories: Nezařazeno
[2025-10-10 11:48:01] INFO: Category IDs: 1
[2025-10-10 11:48:01] INFO: Article 1: Kosmické Brno | 12 – Frentech Aerospace / Podvozky SpaceRideru 
[2025-10-10 11:48:01] INFO: Categories: none
[2025-10-10 11:48:01] INFO: Category IDs: none
[2025-10-10 11:48:01] INFO: Article 2: Zářijová Kosmoschůzka 2025
[2025-10-10 11:48:01] INFO: Categories: none
[2025-10-10 11:48:01] INFO: Category IDs: none
[2025-10-10 11:48:01] INFO: Article 3: V ČR vznikl materiál pro 3D tisk vhodný pro kosmický prostor 
[2025-10-10 11:48:01] INFO: Categories: none
[2025-10-10 11:48:01] INFO: Category IDs: none
[2025-10-10 11:48:01] INFO: Article 4: Cassini potvrdila komplexní chemické reakce v oceánu na Enceladu
[2025-10-10 11:48:01] INFO: Categories: none
[2025-10-10 11:48:01] INFO: Category IDs: none
[2025-10-10 11:48:01] INFO: Article 5: Firma Avio získala kontrakt od ESA na demonstrátor znovupoužitelného horního stupně
[2025-10-10 11:48:01] INFO: Categories: Nezařazeno
[2025-10-10 11:48:01] INFO: Category IDs: 1
[2025-10-10 11:48:01] INFO: Article 6: Kosmotýdeník 681 (29. 9. – 5. 10.)
[2025-10-10 11:48:01] INFO: Categories: none
[2025-10-10 11:48:01] INFO: Category IDs: none
[2025-10-10 11:48:01] INFO: Article 7: LVM-3 – CMS-02 (GSAT-7R)
[2025-10-10 11:48:01] INFO: Categories: none
[2025-10-10 11:48:01] INFO: Category IDs: none
[2025-10-10 11:48:01] INFO: Article 8: Sentinel-6B je vybalen 
[2025-10-10 11:48:01] INFO: Categories: none
[2025-10-10 11:48:01] INFO: Category IDs: none
[2025-10-10 11:48:01] INFO: Article 9: Prohlížeč Firefox
[2025-10-10 11:48:01] INFO: Categories: none
[2025-10-10 11:48:01] INFO: Category IDs: none
[2025-10-10 11:48:01] INFO: First article title: vcxbcvbv ,. ,nb nvb
[2025-10-10 11:48:01] INFO: First article deleted_at: NULL
[2025-10-10 11:49:18] EXCEPTION: Router error: Template not found: C:\xampp\htdocs\KRS3\app\Core/../../templates/pages/category.php - Exception: Template not found: C:\xampp\htdocs\KRS3\app\Core/../../templates/pages/category.php
#0 C:\xampp\htdocs\KRS3\app\Controllers\BaseController.php(49): App\Core\Template->render('pages/category....', Array)
#1 C:\xampp\htdocs\KRS3\app\Controllers\HomeController.php(61): App\Controllers\BaseController->renderPage('pages/category....', Array, 'category')
#2 C:\xampp\htdocs\KRS3\app\Core\Router.php(96): App\Controllers\HomeController->showCategoryArticles('nezarazeno')
#3 C:\xampp\htdocs\KRS3\public\index.php(82): App\Core\Router->handleRequest('category/nezara...', Array)
#4 {main}
[2025-10-10 11:49:40] EXCEPTION: Router error: Template not found: C:\xampp\htdocs\KRS3\app\Core/../../templates/pages/category.php - Exception: Template not found: C:\xampp\htdocs\KRS3\app\Core/../../templates/pages/category.php
#0 C:\xampp\htdocs\KRS3\app\Controllers\BaseController.php(49): App\Core\Template->render('pages/category....', Array)
#1 C:\xampp\htdocs\KRS3\app\Controllers\HomeController.php(61): App\Controllers\BaseController->renderPage('pages/category....', Array, 'category')
#2 C:\xampp\htdocs\KRS3\app\Core\Router.php(96): App\Controllers\HomeController->showCategoryArticles('nezarazeno')
#3 C:\xampp\htdocs\KRS3\public\index.php(82): App\Core\Router->handleRequest('category/nezara...', Array)
#4 {main}
[2025-10-10 11:55:31] EXCEPTION: Router error: Template not found: C:\xampp\htdocs\KRS3\app\Core/../../templates/pages/category.php - Exception: Template not found: C:\xampp\htdocs\KRS3\app\Core/../../templates/pages/category.php
#0 C:\xampp\htdocs\KRS3\app\Controllers\BaseController.php(49): App\Core\Template->render('pages/category....', Array)
#1 C:\xampp\htdocs\KRS3\app\Controllers\HomeController.php(61): App\Controllers\BaseController->renderPage('pages/category....', Array, 'category')
#2 C:\xampp\htdocs\KRS3\app\Core\Router.php(96): App\Controllers\HomeController->showCategoryArticles('nezarazeno')
#3 C:\xampp\htdocs\KRS3\public\index.php(82): App\Core\Router->handleRequest('category/nezara...', Array)
#4 {main}
[2025-10-10 11:55:40] EXCEPTION: Router error: Template not found: C:\xampp\htdocs\KRS3\app\Core/../../templates/pages/category.php - Exception: Template not found: C:\xampp\htdocs\KRS3\app\Core/../../templates/pages/category.php
#0 C:\xampp\htdocs\KRS3\app\Controllers\BaseController.php(49): App\Core\Template->render('pages/category....', Array)
#1 C:\xampp\htdocs\KRS3\app\Controllers\HomeController.php(61): App\Controllers\BaseController->renderPage('pages/category....', Array, 'category')
#2 C:\xampp\htdocs\KRS3\app\Core\Router.php(96): App\Controllers\HomeController->showCategoryArticles('nezarazeno')
#3 C:\xampp\htdocs\KRS3\public\index.php(82): App\Core\Router->handleRequest('category/nezara...', Array)
#4 {main}
[2025-10-10 12:15:38] EXCEPTION: Uncaught exception - Exception: Call to a member function render() on string
#0 C:\xampp\htdocs\KRS3\app\Core\Template.php(50): include()
#1 C:\xampp\htdocs\KRS3\app\Controllers\BaseController.php(49): App\Core\Template->render('pages/home.php', Array)
#2 C:\xampp\htdocs\KRS3\app\Controllers\HomeController.php(38): App\Controllers\BaseController->renderPage('pages/home.php', Array, 'home')
#3 C:\xampp\htdocs\KRS3\app\Core\Router.php(85): App\Controllers\HomeController->showHomepage()
#4 C:\xampp\htdocs\KRS3\public\index.php(82): App\Core\Router->handleRequest('', Array)
#5 {main}
[2025-10-10 12:41:43] INFO: Total articles: 10
[2025-10-10 12:41:43] INFO: Article 0: vcxbcvbv ,. ,nb nvb
[2025-10-10 12:41:43] INFO: Categories: Nezařazeno
[2025-10-10 12:41:43] INFO: Category IDs: 1
[2025-10-10 12:41:43] INFO: Article 1: Kosmické Brno | 12 – Frentech Aerospace / Podvozky SpaceRideru 
[2025-10-10 12:41:43] INFO: Categories: none
[2025-10-10 12:41:43] INFO: Category IDs: none
[2025-10-10 12:41:43] INFO: Article 2: Zářijová Kosmoschůzka 2025
[2025-10-10 12:41:43] INFO: Categories: none
[2025-10-10 12:41:43] INFO: Category IDs: none
[2025-10-10 12:41:43] INFO: Article 3: V ČR vznikl materiál pro 3D tisk vhodný pro kosmický prostor 
[2025-10-10 12:41:43] INFO: Categories: none
[2025-10-10 12:41:43] INFO: Category IDs: none
[2025-10-10 12:41:43] INFO: Article 4: Cassini potvrdila komplexní chemické reakce v oceánu na Enceladu
[2025-10-10 12:41:43] INFO: Categories: none
[2025-10-10 12:41:43] INFO: Category IDs: none
[2025-10-10 12:41:43] INFO: Article 5: Firma Avio získala kontrakt od ESA na demonstrátor znovupoužitelného horního stupně
[2025-10-10 12:41:43] INFO: Categories: Nezařazeno
[2025-10-10 12:41:43] INFO: Category IDs: 1
[2025-10-10 12:41:43] INFO: Article 6: Kosmotýdeník 681 (29. 9. – 5. 10.)
[2025-10-10 12:41:43] INFO: Categories: none
[2025-10-10 12:41:43] INFO: Category IDs: none
[2025-10-10 12:41:43] INFO: Article 7: LVM-3 – CMS-02 (GSAT-7R)
[2025-10-10 12:41:43] INFO: Categories: none
[2025-10-10 12:41:43] INFO: Category IDs: none
[2025-10-10 12:41:43] INFO: Article 8: Sentinel-6B je vybalen 
[2025-10-10 12:41:43] INFO: Categories: none
[2025-10-10 12:41:43] INFO: Category IDs: none
[2025-10-10 12:41:43] INFO: Article 9: Prohlížeč Firefox
[2025-10-10 12:41:43] INFO: Categories: none
[2025-10-10 12:41:43] INFO: Category IDs: none
[2025-10-10 12:41:43] INFO: First article title: vcxbcvbv ,. ,nb nvb
[2025-10-10 12:41:43] INFO: First article deleted_at: NULL
