[2025-10-18 01:26:33] INFO: Database connection established
[2025-10-18 01:26:33] DEBUG: Session security parameters configured
[2025-10-18 01:26:33] INFO: Session started
[2025-10-18 01:26:33] DEBUG: Session value retrieved
[2025-10-18 01:26:33] INFO: CSRF Protection initialized | {"config":{"token_expire":3600,"max_tokens":10,"validate_origin":true,"validate_referer":true,"token_name":"csrf_token"}}
[2025-10-18 01:26:33] DEBUG: Session value retrieved
[2025-10-18 01:26:33] DEBUG: Login form displayed
[2025-10-18 01:26:33] DEBUG: SQL query executed
[2025-10-18 01:26:33] ERROR: Error 2: Undefined variable $user in C:\xampp\htdocs\KRS3\templates\layouts\frontend.php on line 29
[2025-10-18 01:26:33] ERROR: Error 2: Trying to access array offset on value of type null in C:\xampp\htdocs\KRS3\templates\layouts\frontend.php on line 29
[2025-10-18 01:26:39] INFO: Database connection established
[2025-10-18 01:26:39] DEBUG: Session security parameters configured
[2025-10-18 01:26:39] INFO: Session started
[2025-10-18 01:26:39] DEBUG: Session value retrieved
[2025-10-18 01:26:39] INFO: CSRF Protection initialized | {"config":{"token_expire":3600,"max_tokens":10,"validate_origin":true,"validate_referer":true,"token_name":"csrf_token"}}
[2025-10-18 01:26:39] INFO: Login attempt started
[2025-10-18 01:26:39] DEBUG: Authentication attempt started
[2025-10-18 01:26:39] DEBUG: Session value retrieved
[2025-10-18 01:26:39] DEBUG: Session value retrieved
[2025-10-18 01:26:39] DEBUG: Session value set
[2025-10-18 01:26:39] INFO: CSRF token regenerated | {"identifier":"default","old_token_prefix":"ad056ec7...","new_token_prefix":"23dcfef6...","client_ip":"127.0.0.1","user_agent":"Mozilla/5.0 (Windows NT 10.0; Win64; x64; rv:144.0) Gecko/20100101 Firefox/144.0"}
[2025-10-18 01:26:39] INFO: CSRF token validation successful | {"identifier":"default","token_prefix":"ad056ec7...","token_length":64,"client_ip":"127.0.0.1","user_agent":"Mozilla/5.0 (Windows NT 10.0; Win64; x64; rv:144.0) Gecko/20100101 Firefox/144.0","request_url":"http://127.0.0.1/KRS3/public/login"}
[2025-10-18 01:26:39] ERROR: SQL query failed
[2025-10-18 01:26:39] ERROR: Login failed - CSRF token validation error
[2025-10-18 01:26:39] INFO: Database connection established
[2025-10-18 01:26:39] DEBUG: Session security parameters configured
[2025-10-18 01:26:39] INFO: Session started
[2025-10-18 01:26:39] DEBUG: Session value retrieved
[2025-10-18 01:26:39] INFO: CSRF Protection initialized | {"config":{"token_expire":3600,"max_tokens":10,"validate_origin":true,"validate_referer":true,"token_name":"csrf_token"}}
[2025-10-18 01:26:39] DEBUG: Session value retrieved
[2025-10-18 01:26:39] DEBUG: Login error message prepared
[2025-10-18 01:26:39] DEBUG: Login form displayed
[2025-10-18 01:26:39] DEBUG: SQL query executed
[2025-10-18 01:26:39] ERROR: Error 2: Undefined variable $user in C:\xampp\htdocs\KRS3\templates\layouts\frontend.php on line 29
[2025-10-18 01:26:39] ERROR: Error 2: Trying to access array offset on value of type null in C:\xampp\htdocs\KRS3\templates\layouts\frontend.php on line 29
[2025-10-18 01:30:35] INFO: Database connection established
[2025-10-18 01:30:35] DEBUG: Session security parameters configured
[2025-10-18 01:30:35] INFO: Session started
[2025-10-18 01:30:35] DEBUG: Session value retrieved
[2025-10-18 01:30:35] INFO: CSRF Protection initialized | {"config":{"token_expire":3600,"max_tokens":10,"validate_origin":true,"validate_referer":true,"token_name":"csrf_token"}}
[2025-10-18 01:30:35] INFO: Login attempt started
[2025-10-18 01:30:35] DEBUG: Authentication attempt started
[2025-10-18 01:30:35] DEBUG: Session value retrieved
[2025-10-18 01:30:35] DEBUG: Session value retrieved
[2025-10-18 01:30:35] DEBUG: Session value set
[2025-10-18 01:30:35] INFO: CSRF token regenerated | {"identifier":"default","old_token_prefix":"23dcfef6...","new_token_prefix":"e11a4c74...","client_ip":"127.0.0.1","user_agent":"Mozilla/5.0 (Windows NT 10.0; Win64; x64; rv:144.0) Gecko/20100101 Firefox/144.0"}
[2025-10-18 01:30:35] INFO: CSRF token validation successful | {"identifier":"default","token_prefix":"23dcfef6...","token_length":64,"client_ip":"127.0.0.1","user_agent":"Mozilla/5.0 (Windows NT 10.0; Win64; x64; rv:144.0) Gecko/20100101 Firefox/144.0","request_url":"http://127.0.0.1/KRS3/public/login"}
[2025-10-18 01:30:35] DEBUG: SQL query executed
[2025-10-18 01:30:35] DEBUG: SQL query executed
[2025-10-18 01:30:35] DEBUG: User lookup in database
[2025-10-18 01:30:35] INFO: Session ID regenerated
[2025-10-18 01:30:35] DEBUG: Session value set
[2025-10-18 01:30:35] ERROR: SQL command failed
[2025-10-18 01:30:35] ERROR: Authentication failed - unexpected error
[2025-10-18 01:30:35] ERROR: Login failed - CSRF token validation error
[2025-10-18 01:30:35] INFO: Database connection established
[2025-10-18 01:30:35] DEBUG: Session security parameters configured
[2025-10-18 01:30:35] INFO: Session started
[2025-10-18 01:30:35] DEBUG: Session value retrieved
[2025-10-18 01:30:35] INFO: CSRF Protection initialized | {"config":{"token_expire":3600,"max_tokens":10,"validate_origin":true,"validate_referer":true,"token_name":"csrf_token"}}
[2025-10-18 01:30:35] DEBUG: Already logged in user redirected from login page
[2025-10-18 01:30:35] INFO: Database connection established
[2025-10-18 01:30:35] DEBUG: Session security parameters configured
[2025-10-18 01:30:35] INFO: Session started
[2025-10-18 01:30:35] DEBUG: Session value retrieved
[2025-10-18 01:30:35] INFO: CSRF Protection initialized | {"config":{"token_expire":3600,"max_tokens":10,"validate_origin":true,"validate_referer":true,"token_name":"csrf_token"}}
[2025-10-18 01:30:35] DEBUG: Session value retrieved
