[2025-10-10 00:24:16] INFO: Total articles: 16
[2025-10-10 00:24:16] INFO: Article 0: vcxbcvbv ,. ,nb nvb
[2025-10-10 00:24:16] INFO: Categories: Nezařazeno
[2025-10-10 00:24:16] INFO: Category IDs: 1
[2025-10-10 00:24:16] INFO: Article 1: Kosmické Brno | 12 – Frentech Aerospace / Podvozky SpaceRideru 
[2025-10-10 00:24:16] INFO: Categories: none
[2025-10-10 00:24:16] INFO: Category IDs: none
[2025-10-10 00:24:16] INFO: Article 2: Zářijová Kosmoschůzka 2025
[2025-10-10 00:24:16] INFO: Categories: none
[2025-10-10 00:24:16] INFO: Category IDs: none
[2025-10-10 00:24:16] INFO: Article 3: V ČR vznikl materiál pro 3D tisk vhodný pro kosmický prostor 
[2025-10-10 00:24:16] INFO: Categories: none
[2025-10-10 00:24:16] INFO: Category IDs: none
[2025-10-10 00:24:16] INFO: Article 4: Cassini potvrdila komplexní chemické reakce v oceánu na Enceladu
[2025-10-10 00:24:16] INFO: Categories: none
[2025-10-10 00:24:16] INFO: Category IDs: none
[2025-10-10 00:24:16] INFO: Article 5: Firma Avio získala kontrakt od ESA na demonstrátor znovupoužitelného horního stupně
[2025-10-10 00:24:16] INFO: Categories: Nezařazeno
[2025-10-10 00:24:16] INFO: Category IDs: 1
[2025-10-10 00:24:16] INFO: Article 6: Kosmotýdeník 681 (29. 9. – 5. 10.)
[2025-10-10 00:24:16] INFO: Categories: none
[2025-10-10 00:24:16] INFO: Category IDs: none
[2025-10-10 00:24:16] INFO: Article 7: LVM-3 – CMS-02 (GSAT-7R)
[2025-10-10 00:24:16] INFO: Categories: none
[2025-10-10 00:24:16] INFO: Category IDs: none
[2025-10-10 00:24:16] INFO: Article 8: Sentinel-6B je vybalen 
[2025-10-10 00:24:16] INFO: Categories: none
[2025-10-10 00:24:16] INFO: Category IDs: none
[2025-10-10 00:24:16] INFO: Article 9: Prohlížeč Firefox
[2025-10-10 00:24:16] INFO: Categories: none
[2025-10-10 00:24:16] INFO: Category IDs: none
[2025-10-10 00:24:16] INFO: Article 10: Soběstačný domov
[2025-10-10 00:24:16] INFO: Categories: none
[2025-10-10 00:24:16] INFO: Category IDs: none
[2025-10-10 00:24:16] INFO: Article 11: Lorem ipsum dolor sit amet consectetuer 
[2025-10-10 00:24:16] INFO: Categories: none
[2025-10-10 00:24:16] INFO: Category IDs: none
[2025-10-10 00:24:16] INFO: Article 12: khuzjgfr
[2025-10-10 00:24:16] INFO: Categories: galerie života
[2025-10-10 00:24:16] INFO: Category IDs: 5
[2025-10-10 00:24:16] INFO: Article 13: vcxbcvbv ,. ,nb nvbnnn
[2025-10-10 00:24:16] INFO: Categories: Novinky
[2025-10-10 00:24:16] INFO: Category IDs: 8
[2025-10-10 00:24:16] INFO: Article 14: Cassini potvrdila komplexní chemické reakce v oceánu na Enceladu
[2025-10-10 00:24:16] INFO: Categories: none
[2025-10-10 00:24:16] INFO: Category IDs: none
[2025-10-10 00:24:16] INFO: Article 15: Seznam nově zvolených poslanců
[2025-10-10 00:24:16] INFO: Categories: Technologie
[2025-10-10 00:24:16] INFO: Category IDs: 2
[2025-10-10 00:24:16] INFO: First article title: vcxbcvbv ,. ,nb nvb
[2025-10-10 00:24:16] INFO: First article deleted_at: NULL
